

Microchip MPLAB XC8 Assembler V2.31 build 20201012212115 
                                                                                               Fri Jan 01 18:10:39 2021

Microchip MPLAB XC8 C Compiler v2.31 (Free license) build 20201012212115 Og1 
     1                           	processor	12F615
     2                           	pagewidth 120
     3                           	opt	flic
     4                           	psect	cinit,global,class=CODE,merge=1,delta=2
     5                           	psect	cstackCOMMON,global,class=COMMON,space=1,delta=1,noexec
     6                           	psect	maintext,global,class=CODE,split=1,delta=2
     7                           	psect	config,global,abs,ovrld,class=CONFIG,space=4,delta=2,noexec
     8                           	dabs	1,0x7E,2
     9  0000                     
    10                           ; Version 2.32
    11                           ; Generated 23/11/2020 GMT
    12                           ; 
    13                           ; Copyright © 2020, Microchip Technology Inc. and its subsidiaries ("Microchip")
    14                           ; All rights reserved.
    15                           ; 
    16                           ; This software is developed by Microchip Technology Inc. and its subsidiaries ("Microch
      +                          ip").
    17                           ; 
    18                           ; Redistribution and use in source and binary forms, with or without modification, are
    19                           ; permitted provided that the following conditions are met:
    20                           ; 
    21                           ;     1. Redistributions of source code must retain the above copyright notice, this lis
      +                          t of
    22                           ;        conditions and the following disclaimer.
    23                           ; 
    24                           ;     2. Redistributions in binary form must reproduce the above copyright notice, this 
      +                          list
    25                           ;        of conditions and the following disclaimer in the documentation and/or other
    26                           ;        materials provided with the distribution. Publication is not required when
    27                           ;        this file is used in an embedded application.
    28                           ; 
    29                           ;     3. Microchip's name may not be used to endorse or promote products derived from th
      +                          is
    30                           ;        software without specific prior written permission.
    31                           ; 
    32                           ; THIS SOFTWARE IS PROVIDED BY MICROCHIP "AS IS" AND ANY EXPRESS OR IMPLIED WARRANTIES,
    33                           ; INCLUDING, BUT NOT LIMITED TO, THE IMPLIED WARRANTIES OF MERCHANTABILITY AND FITNESS F
      +                          OR
    34                           ; PURPOSE ARE DISCLAIMED.  IN NO EVENT SHALL MICROCHIP BE LIABLE FOR ANY DIRECT, INDIREC
      +                          T,
    35                           ; INCIDENTAL, SPECIAL, EXEMPLARY, OR CONSEQUENTIAL DAMAGES (INCLUDING BUT NOT LIMITED TO
    36                           ; PROCUREMENT OF SUBSTITUTE GOODS OR SERVICES; LOSS OF USE, DATA OR PROFITS; OR BUSINESS
    37                           ; INTERRUPTION) HOWSOEVER CAUSED AND ON ANY THEORY OF LIABILITY, WHETHER IN CONTRACT, ST
      +                          RICT
    38                           ; LIABILITY, OR TORT (INCLUDING NEGLIGENCE OR OTHERWISE) ARISING IN ANY WAY OUT OF THE U
      +                          SE OF
    39                           ; THIS SOFTWARE, EVEN IF ADVISED OF THE POSSIBILITY OF SUCH DAMAGE.
    40                           ; 
    41                           ; 
    42                           ; Code-generator required, PIC12F615 Definitions
    43                           ; 
    44                           ; SFR Addresses
    45  0000                     	;# 
    46  0001                     	;# 
    47  0002                     	;# 
    48  0003                     	;# 
    49  0004                     	;# 
    50  0005                     	;# 
    51  0005                     	;# 
    52  000A                     	;# 
    53  000B                     	;# 
    54  000C                     	;# 
    55  000E                     	;# 
    56  000E                     	;# 
    57  000F                     	;# 
    58  0010                     	;# 
    59  0011                     	;# 
    60  0012                     	;# 
    61  0013                     	;# 
    62  0013                     	;# 
    63  0014                     	;# 
    64  0015                     	;# 
    65  0016                     	;# 
    66  0017                     	;# 
    67  0019                     	;# 
    68  001A                     	;# 
    69  001C                     	;# 
    70  001E                     	;# 
    71  001F                     	;# 
    72  0081                     	;# 
    73  0085                     	;# 
    74  0085                     	;# 
    75  008C                     	;# 
    76  008E                     	;# 
    77  0090                     	;# 
    78  0092                     	;# 
    79  0093                     	;# 
    80  0095                     	;# 
    81  0095                     	;# 
    82  0096                     	;# 
    83  0096                     	;# 
    84  009E                     	;# 
    85  009F                     	;# 
    86  002A                     _GP2	set	42
    87  0085                     _TRISIO	set	133
    88                           
    89                           	psect	cinit
    90  03FE                     start_initialization:	
    91                           ; #config settings
    92                           
    93  03FE                     __initialization:
    94  03FE                     end_of_initialization:	
    95                           ;End of C runtime variable initialization code
    96                           
    97  03FE                     __end_of__initialization:
    98  03FE  0183               	clrf	3
    99  03FF  2BE9               	ljmp	_main	;jump to C main() function
   100                           
   101                           	psect	cstackCOMMON
   102  0070                     __pcstackCOMMON:
   103  0070                     ??_main:
   104  0070                     ?_main:	
   105                           ; 1 bytes @ 0x0
   106                           
   107                           
   108                           ; 2 bytes @ 0x0
   109  0070                     	ds	3
   110                           
   111                           	psect	maintext
   112  03E9                     __pmaintext:	
   113 ;;
   114 ;;Main: autosize = 0, tempsize = 3, incstack = 0, save=0
   115 ;;
   116 ;; *************** function _main *****************
   117 ;; Defined at:
   118 ;;		line 32 in file "SBC_Reset.c"
   119 ;; Parameters:    Size  Location     Type
   120 ;;		None
   121 ;; Auto vars:     Size  Location     Type
   122 ;;		None
   123 ;; Return value:  Size  Location     Type
   124 ;;                  2   10[None  ] int 
   125 ;; Registers used:
   126 ;;		wreg, status,2
   127 ;; Tracked objects:
   128 ;;		On entry : B00/0
   129 ;;		On exit  : 0/0
   130 ;;		Unchanged: 0/0
   131 ;; Data sizes:     COMMON   BANK0
   132 ;;      Params:         0       0
   133 ;;      Locals:         0       0
   134 ;;      Temps:          3       0
   135 ;;      Totals:         3       0
   136 ;;Total ram usage:        3 bytes
   137 ;; This function calls:
   138 ;;		Nothing
   139 ;; This function is called by:
   140 ;;		Startup code after reset
   141 ;; This function uses a non-reentrant model
   142 ;;
   143                           
   144                           
   145                           ;psect for function _main
   146  03E9                     _main:
   147  03E9                     l524:	
   148                           ;incstack = 0
   149                           ; Regs used in _main: [wreg+status,2]
   150                           
   151                           
   152                           ;SBC_Reset.c: 34:     TRISIO = 0b00000000;
   153  03E9  1683               	bsf	3,5	;RP0=1, select bank1
   154  03EA  0185               	clrf	5	;volatile
   155  03EB                     l526:
   156                           
   157                           ;SBC_Reset.c: 37:     GP2 = 0;
   158  03EB  1283               	bcf	3,5	;RP0=0, select bank0
   159  03EC  1105               	bcf	5,2	;volatile
   160  03ED                     l528:
   161                           
   162                           ;SBC_Reset.c: 38:     _delay((unsigned long)((100)*(8000000/4000.0)));
   163  03ED  3002               	movlw	2
   164  03EE  00F2               	movwf	??_main+2
   165  03EF  3004               	movlw	4
   166  03F0  00F1               	movwf	??_main+1
   167  03F1  30BA               	movlw	186
   168  03F2  00F0               	movwf	??_main
   169  03F3                     u17:
   170  03F3  0BF0               	decfsz	??_main,f
   171  03F4  2BF3               	goto	u17
   172  03F5  0BF1               	decfsz	??_main+1,f
   173  03F6  2BF3               	goto	u17
   174  03F7  0BF2               	decfsz	??_main+2,f
   175  03F8  2BF3               	goto	u17
   176  03F9  0000               	nop
   177  03FA                     l530:
   178                           
   179                           ;SBC_Reset.c: 39:     GP2 = 1;
   180  03FA  1283               	bcf	3,5	;RP0=0, select bank0
   181  03FB  1505               	bsf	5,2	;volatile
   182  03FC                     l11:	
   183                           ;SBC_Reset.c: 40:     while(1){};
   184                           
   185  03FC                     l12:
   186  03FC  2BFC               	goto	l11
   187  03FD  2800               	ljmp	start
   188  03FE                     __end_of_main:
   189  007E                     btemp	set	126	;btemp
   190  007E                     wtemp0	set	126
   191                           
   192                           	psect	config
   193                           
   194                           ;Config register CONFIG @ 0x2007
   195                           ;	Oscillator Selection bits
   196                           ;	FOSC = INTOSCIO, INTOSCIO oscillator: I/O function on GP4/OSC2/CLKOUT pin, I/O functio
      +                          n on GP5/OSC1/CLKIN
   197                           ;	Watchdog Timer Enable bit
   198                           ;	WDTE = OFF, WDT disabled and can be enabled by SWDTEN bit of the WDTCON register
   199                           ;	Power-up Timer Enable bit
   200                           ;	PWRTE = OFF, PWRT disabled
   201                           ;	MCLR Pin Function Select bit
   202                           ;	MCLRE = ON, MCLR pin function is MCLR
   203                           ;	Code Protection bit
   204                           ;	CP = OFF, Program memory code protection is disabled
   205                           ;	Internal Oscillator Frequency Select
   206                           ;	IOSCFS = 8MHZ, 8 MHz
   207                           ;	Brown-out Reset Selection bits
   208                           ;	BOREN = ON, BOR enabled
   209  2007                     	org	8199
   210  2007  3FF4               	dw	16372

Data Sizes:
    Strings     0
    Constant    0
    Data        0
    BSS         0
    Persistent  0
    Stack       0

Auto Spaces:
    Space          Size  Autos    Used
    COMMON           14      3       3
    BANK0            48      0       0

Pointer List with Targets:

    None.

Critical Paths under _main in COMMON

    None.

Critical Paths under _main in BANK0

    None.

Call Graph Tables:

 ---------------------------------------------------------------------------------
 (Depth) Function   	        Calls       Base Space   Used Autos Params    Refs
 ---------------------------------------------------------------------------------
 (0) _main                                                 3     3      0       0
                                              0 COMMON     3     3      0
 ---------------------------------------------------------------------------------
 Estimated maximum stack depth 0
 ---------------------------------------------------------------------------------

 Call Graph Graphs:

 _main (ROOT)

 Address spaces:
Name               Size   Autos  Total    Cost      Usage
BITCOMMON            E      0       0       0        0.0%
NULL                 0      0       0       0        0.0%
CODE                 0      0       0       0        0.0%
COMMON               E      3       3       1       21.4%
BITSFR0              0      0       0       1        0.0%
SFR0                 0      0       0       1        0.0%
BITSFR1              0      0       0       2        0.0%
SFR1                 0      0       0       2        0.0%
STACK                0      0       0       2        0.0%
BITBANK0            30      0       0       3        0.0%
BANK0               30      0       0       4        0.0%
ABS                  0      0       0       5        0.0%
DATA                 0      0       0       6        0.0%


Microchip Technology PIC Macro Assembler V2.31 build 20201012212115 
Symbol Table                                                                                   Fri Jan 01 18:10:39 2021

                     l11 03FC                       l12 03FC                       u17 03F3  
                    l530 03FA                      l524 03E9                      l526 03EB  
                    l528 03ED                      _GP2 002A                     _main 03E9  
                   btemp 007E                     start 0000                    ?_main 0070  
                  status 0003                    wtemp0 007E          __initialization 03FE  
           __end_of_main 03FE                   ??_main 0070                   _TRISIO 0085  
__end_of__initialization 03FE           __pcstackCOMMON 0070               __pmaintext 03E9  
   end_of_initialization 03FE      start_initialization 03FE                ___latbits 0000  
          __size_of_main 0015  
